TN:
SF:task1.js
FN:3,stringLength
FNF:1
FNH:1
FNDA:3,stringLength
DA:1,1
DA:4,3
DA:5,2
DA:7,1
DA:11,1
DA:14,1
LF:6
LH:6
BRDA:4,0,0,2
BRDA:4,0,1,1
BRF:2
BRH:2
end_of_record
TN:
SF:task2.js
FN:1,reverseString
FNF:1
FNH:1
FNDA:2,reverseString
DA:2,2
DA:3,2
DA:4,14
DA:6,2
DA:8,1
DA:9,1
DA:11,1
LF:7
LH:7
BRF:0
BRH:0
end_of_record
TN:
SF:task3.js
FN:1,add
FN:4,subtract
FN:8,multiply
FN:11,divide
FNF:4
FNH:4
FNDA:2,add
FNDA:2,subtract
FNDA:2,multiply
FNDA:2,divide
DA:2,2
DA:5,2
DA:9,2
DA:12,2
DA:15,1
DA:16,1
DA:17,1
DA:18,1
DA:20,1
LF:9
LH:9
BRF:0
BRH:0
end_of_record
TN:
SF:task4.js
FN:1,(anonymous_0)
FNF:1
FNH:1
FNDA:1,(anonymous_0)
DA:1,1
DA:2,1
DA:3,1
DA:6,1
LF:4
LH:4
BRDA:2,0,0,0
BRDA:2,0,1,1
BRDA:2,1,0,1
BRDA:2,1,1,1
BRF:4
BRH:3
end_of_record
